TN:
SF:/Users/Kartika/GA/node/express/testing/app.js
FNF:0
FNH:0
DA:1,1
DA:2,1
DA:3,1
DA:4,1
DA:5,1
DA:6,1
DA:9,1
DA:10,1
DA:13,1
DA:15,1
DA:16,1
DA:21,1
DA:24,1
DA:25,0
DA:28,1
DA:29,1
DA:32,1
LF:17
LH:16
BRDA:3,1,0,1
BRDA:3,1,1,1
BRF:2
BRH:2
end_of_record
TN:
SF:/Users/Kartika/GA/node/express/testing/config/routes.js
FNF:0
FNH:0
DA:1,1
DA:2,1
DA:3,1
DA:11,1
DA:16,1
DA:19,1
DA:20,11
DA:21,11
DA:22,11
DA:29,1
DA:30,6
DA:34,1
DA:35,0
DA:39,1
DA:40,2
DA:46,1
DA:47,1
DA:48,0
DA:49,0
DA:50,0
DA:51,0
DA:52,0
DA:54,1
DA:61,1
DA:62,1
DA:63,1
DA:64,1
DA:68,1
DA:69,1
DA:70,1
DA:73,1
LF:31
LH:25
BRDA:47,1,0,0
BRDA:47,1,1,1
BRF:2
BRH:1
end_of_record
